2019-09-22 15:00:17.197  INFO 1280 --- [restartedMain] com.next.huyao.film.NextFilmApplication  : Starting NextFilmApplication on DESKTOP-KC2KA8T with PID 1280 (D:\workspace\film_workspace\next_film\target\classes started by xx in D:\workspace\film_workspace\next_film)
2019-09-22 15:00:17.248 DEBUG 1280 --- [restartedMain] com.next.huyao.film.NextFilmApplication  : Running with Spring Boot v2.1.3.RELEASE, Spring v5.1.5.RELEASE
2019-09-22 15:00:17.249  INFO 1280 --- [restartedMain] com.next.huyao.film.NextFilmApplication  : No active profile set, falling back to default profiles: default
2019-09-22 15:00:17.377  INFO 1280 --- [restartedMain] .e.DevToolsPropertyDefaultsPostProcessor : Devtools property defaults active! Set 'spring.devtools.add-properties' to 'false' to disable
2019-09-22 15:00:17.379  INFO 1280 --- [restartedMain] .e.DevToolsPropertyDefaultsPostProcessor : For additional web related logging consider setting the 'logging.level.web' property to 'DEBUG'
2019-09-22 15:00:20.309  WARN 1280 --- [restartedMain] o.m.s.mapper.ClassPathMapperScanner      : No MyBatis mapper was found in '[com.next.huyao.film]' package. Please check your configuration.
2019-09-22 15:00:21.091  INFO 1280 --- [restartedMain] trationDelegate$BeanPostProcessorChecker : Bean 'org.springframework.transaction.annotation.ProxyTransactionManagementConfiguration' of type [org.springframework.transaction.annotation.ProxyTransactionManagementConfiguration$$EnhancerBySpringCGLIB$$634fd25b] is not eligible for getting processed by all BeanPostProcessors (for example: not eligible for auto-proxying)
2019-09-22 15:00:22.243  INFO 1280 --- [restartedMain] o.s.b.w.embedded.tomcat.TomcatWebServer  : Tomcat initialized with port(s): 8080 (http)
2019-09-22 15:00:22.331  INFO 1280 --- [restartedMain] o.apache.catalina.core.StandardService   : Starting service [Tomcat]
2019-09-22 15:00:22.331  INFO 1280 --- [restartedMain] org.apache.catalina.core.StandardEngine  : Starting Servlet engine: [Apache Tomcat/9.0.16]
2019-09-22 15:00:22.350  INFO 1280 --- [restartedMain] o.a.catalina.core.AprLifecycleListener   : The APR based Apache Tomcat Native library which allows optimal performance in production environments was not found on the java.library.path: [C:\Program Files\Java\jdk1.8.0_131\bin;C:\WINDOWS\Sun\Java\bin;C:\WINDOWS\system32;C:\WINDOWS;C:\Program Files (x86)\Common Files\Oracle\Java\javapath;C:\ProgramData\Oracle\Java\javapath;C:\Program Files (x86)\Intel\iCLS Client\;C:\Program Files\Intel\iCLS Client\;C:\WINDOWS\system32;C:\WINDOWS;C:\WINDOWS\System32\Wbem;C:\WINDOWS\System32\WindowsPowerShell\v1.0\;C:\Program Files (x86)\Intel\Intel(R) Management Engine Components\DAL;C:\Program Files\Intel\Intel(R) Management Engine Components\DAL;C:\Program Files (x86)\Intel\Intel(R) Management Engine Components\IPT;C:\Program Files\Intel\Intel(R) Management Engine Components\IPT;C:\Program Files (x86)\NVIDIA Corporation\PhysX\Common;C:\WINDOWS\system32;C:\WINDOWS;C:\WINDOWS\System32\Wbem;C:\WINDOWS\System32\WindowsPowerShell\v1.0\;C:\WINDOWS\System32\OpenSSH\;C:\Program Files\Git\cmd;C:\Users\xx\AppData\Local\Microsoft\WindowsApps;C:\Program Files\Docker Toolbox;D:\mysql-5.7.25-winx64\bin;D:\apache-maven-3.6.0\bin;;.]
2019-09-22 15:00:22.578  INFO 1280 --- [restartedMain] o.a.c.c.C.[Tomcat].[localhost].[/]       : Initializing Spring embedded WebApplicationContext
2019-09-22 15:00:22.578  INFO 1280 --- [restartedMain] o.s.web.context.ContextLoader            : Root WebApplicationContext: initialization completed in 5199 ms
2019-09-22 15:00:24.556  INFO 1280 --- [restartedMain] com.alibaba.druid.pool.DruidDataSource   : {dataSource-1} inited
2019-09-22 15:00:26.177  INFO 1280 --- [restartedMain] pertySourcedRequestMappingHandlerMapping : Mapped URL path [/v2/api-docs] onto method [public org.springframework.http.ResponseEntity<springfox.documentation.spring.web.json.Json> springfox.documentation.swagger2.web.Swagger2Controller.getDocumentation(java.lang.String,javax.servlet.http.HttpServletRequest)]
2019-09-22 15:00:26.442  INFO 1280 --- [restartedMain] o.s.s.concurrent.ThreadPoolTaskExecutor  : Initializing ExecutorService 'applicationTaskExecutor'
2019-09-22 15:00:26.565  INFO 1280 --- [restartedMain] o.s.b.d.a.OptionalLiveReloadServer       : LiveReload server is running on port 35729
2019-09-22 15:00:26.967  INFO 1280 --- [restartedMain] d.s.w.p.DocumentationPluginsBootstrapper : Context refreshed
2019-09-22 15:00:26.994  INFO 1280 --- [restartedMain] d.s.w.p.DocumentationPluginsBootstrapper : Found 1 custom documentation plugin(s)
2019-09-22 15:00:27.037  INFO 1280 --- [restartedMain] s.d.s.w.s.ApiListingReferenceScanner     : Scanning for api listing references
2019-09-22 15:00:27.259  INFO 1280 --- [restartedMain] o.s.b.w.embedded.tomcat.TomcatWebServer  : Tomcat started on port(s): 8080 (http) with context path ''
2019-09-22 15:00:27.262  INFO 1280 --- [restartedMain] com.next.huyao.film.NextFilmApplication  : Started NextFilmApplication in 11.594 seconds (JVM running for 15.68)
2019-09-22 15:00:30.908  INFO 1280 --- [http-nio-8080-exec-1] o.a.c.c.C.[Tomcat].[localhost].[/]       : Initializing Spring DispatcherServlet 'dispatcherServlet'
2019-09-22 15:00:30.909  INFO 1280 --- [http-nio-8080-exec-1] o.s.web.servlet.DispatcherServlet        : Initializing Servlet 'dispatcherServlet'
2019-09-22 15:00:30.925  INFO 1280 --- [http-nio-8080-exec-1] o.s.web.servlet.DispatcherServlet        : Completed initialization in 14 ms
2019-09-22 15:01:58.186  INFO 13192 --- [restartedMain] com.next.huyao.film.NextFilmApplication  : Starting NextFilmApplication on DESKTOP-KC2KA8T with PID 13192 (D:\workspace\film_workspace\next_film\target\classes started by xx in D:\workspace\film_workspace\next_film)
2019-09-22 15:01:58.192 DEBUG 13192 --- [restartedMain] com.next.huyao.film.NextFilmApplication  : Running with Spring Boot v2.1.3.RELEASE, Spring v5.1.5.RELEASE
2019-09-22 15:01:58.193  INFO 13192 --- [restartedMain] com.next.huyao.film.NextFilmApplication  : No active profile set, falling back to default profiles: default
2019-09-22 15:01:58.284  INFO 13192 --- [restartedMain] .e.DevToolsPropertyDefaultsPostProcessor : Devtools property defaults active! Set 'spring.devtools.add-properties' to 'false' to disable
2019-09-22 15:01:58.285  INFO 13192 --- [restartedMain] .e.DevToolsPropertyDefaultsPostProcessor : For additional web related logging consider setting the 'logging.level.web' property to 'DEBUG'
2019-09-22 15:01:59.572  WARN 13192 --- [restartedMain] o.m.s.mapper.ClassPathMapperScanner      : No MyBatis mapper was found in '[com.next.huyao.film]' package. Please check your configuration.
2019-09-22 15:01:59.904  INFO 13192 --- [restartedMain] trationDelegate$BeanPostProcessorChecker : Bean 'org.springframework.transaction.annotation.ProxyTransactionManagementConfiguration' of type [org.springframework.transaction.annotation.ProxyTransactionManagementConfiguration$$EnhancerBySpringCGLIB$$b528294f] is not eligible for getting processed by all BeanPostProcessors (for example: not eligible for auto-proxying)
2019-09-22 15:02:00.296  INFO 13192 --- [restartedMain] o.s.b.w.embedded.tomcat.TomcatWebServer  : Tomcat initialized with port(s): 8080 (http)
2019-09-22 15:02:00.322  INFO 13192 --- [restartedMain] o.apache.catalina.core.StandardService   : Starting service [Tomcat]
2019-09-22 15:02:00.322  INFO 13192 --- [restartedMain] org.apache.catalina.core.StandardEngine  : Starting Servlet engine: [Apache Tomcat/9.0.16]
2019-09-22 15:02:00.330  INFO 13192 --- [restartedMain] o.a.catalina.core.AprLifecycleListener   : The APR based Apache Tomcat Native library which allows optimal performance in production environments was not found on the java.library.path: [C:\Program Files\Java\jdk1.8.0_131\bin;C:\WINDOWS\Sun\Java\bin;C:\WINDOWS\system32;C:\WINDOWS;C:\Program Files (x86)\Common Files\Oracle\Java\javapath;C:\ProgramData\Oracle\Java\javapath;C:\Program Files (x86)\Intel\iCLS Client\;C:\Program Files\Intel\iCLS Client\;C:\WINDOWS\system32;C:\WINDOWS;C:\WINDOWS\System32\Wbem;C:\WINDOWS\System32\WindowsPowerShell\v1.0\;C:\Program Files (x86)\Intel\Intel(R) Management Engine Components\DAL;C:\Program Files\Intel\Intel(R) Management Engine Components\DAL;C:\Program Files (x86)\Intel\Intel(R) Management Engine Components\IPT;C:\Program Files\Intel\Intel(R) Management Engine Components\IPT;C:\Program Files (x86)\NVIDIA Corporation\PhysX\Common;C:\WINDOWS\system32;C:\WINDOWS;C:\WINDOWS\System32\Wbem;C:\WINDOWS\System32\WindowsPowerShell\v1.0\;C:\WINDOWS\System32\OpenSSH\;C:\Program Files\Git\cmd;C:\Users\xx\AppData\Local\Microsoft\WindowsApps;C:\Program Files\Docker Toolbox;D:\mysql-5.7.25-winx64\bin;D:\apache-maven-3.6.0\bin;;.]
2019-09-22 15:02:00.455  INFO 13192 --- [restartedMain] o.a.c.c.C.[Tomcat].[localhost].[/]       : Initializing Spring embedded WebApplicationContext
2019-09-22 15:02:00.455  INFO 13192 --- [restartedMain] o.s.web.context.ContextLoader            : Root WebApplicationContext: initialization completed in 2164 ms
2019-09-22 15:02:00.980  INFO 13192 --- [restartedMain] com.alibaba.druid.pool.DruidDataSource   : {dataSource-1} inited
2019-09-22 15:02:01.526  INFO 13192 --- [restartedMain] pertySourcedRequestMappingHandlerMapping : Mapped URL path [/v2/api-docs] onto method [public org.springframework.http.ResponseEntity<springfox.documentation.spring.web.json.Json> springfox.documentation.swagger2.web.Swagger2Controller.getDocumentation(java.lang.String,javax.servlet.http.HttpServletRequest)]
2019-09-22 15:02:01.651  INFO 13192 --- [restartedMain] o.s.s.concurrent.ThreadPoolTaskExecutor  : Initializing ExecutorService 'applicationTaskExecutor'
2019-09-22 15:02:01.703  INFO 13192 --- [restartedMain] o.s.b.d.a.OptionalLiveReloadServer       : LiveReload server is running on port 35729
2019-09-22 15:02:01.977  INFO 13192 --- [restartedMain] d.s.w.p.DocumentationPluginsBootstrapper : Context refreshed
2019-09-22 15:02:01.997  INFO 13192 --- [restartedMain] d.s.w.p.DocumentationPluginsBootstrapper : Found 1 custom documentation plugin(s)
2019-09-22 15:02:02.029  INFO 13192 --- [restartedMain] s.d.s.w.s.ApiListingReferenceScanner     : Scanning for api listing references
2019-09-22 15:02:02.151  INFO 13192 --- [restartedMain] o.s.b.w.embedded.tomcat.TomcatWebServer  : Tomcat started on port(s): 8080 (http) with context path ''
2019-09-22 15:02:02.155  INFO 13192 --- [restartedMain] com.next.huyao.film.NextFilmApplication  : Started NextFilmApplication in 4.713 seconds (JVM running for 6.639)
2019-09-22 15:03:08.489  INFO 13192 --- [http-nio-8080-exec-2] o.a.c.c.C.[Tomcat].[localhost].[/]       : Initializing Spring DispatcherServlet 'dispatcherServlet'
2019-09-22 15:03:08.489  INFO 13192 --- [http-nio-8080-exec-2] o.s.web.servlet.DispatcherServlet        : Initializing Servlet 'dispatcherServlet'
2019-09-22 15:03:08.502  INFO 13192 --- [http-nio-8080-exec-2] o.s.web.servlet.DispatcherServlet        : Completed initialization in 12 ms
2019-09-22 15:03:29.629 DEBUG 13192 --- [http-nio-8080-exec-1] c.n.h.f.d.m.NextUserTMapper.selectCount  : ==>  Preparing: SELECT COUNT( 1 ) FROM next_user_t WHERE user_name = ? 
2019-09-22 15:03:29.829 DEBUG 13192 --- [http-nio-8080-exec-1] c.n.h.f.d.m.NextUserTMapper.selectCount  : ==> Parameters: huyao(String)
2019-09-22 15:03:30.093 DEBUG 13192 --- [http-nio-8080-exec-1] c.n.h.f.d.m.NextUserTMapper.selectCount  : <==      Total: 1
2019-09-22 15:30:52.286  INFO 11772 --- [restartedMain] com.next.huyao.film.NextFilmApplication  : Starting NextFilmApplication on DESKTOP-KC2KA8T with PID 11772 (D:\workspace\film_workspace\next_film\target\classes started by xx in D:\workspace\film_workspace\next_film)
2019-09-22 15:30:52.292 DEBUG 11772 --- [restartedMain] com.next.huyao.film.NextFilmApplication  : Running with Spring Boot v2.1.3.RELEASE, Spring v5.1.5.RELEASE
2019-09-22 15:30:52.292  INFO 11772 --- [restartedMain] com.next.huyao.film.NextFilmApplication  : No active profile set, falling back to default profiles: default
2019-09-22 15:30:52.366  INFO 11772 --- [restartedMain] .e.DevToolsPropertyDefaultsPostProcessor : Devtools property defaults active! Set 'spring.devtools.add-properties' to 'false' to disable
2019-09-22 15:30:52.367  INFO 11772 --- [restartedMain] .e.DevToolsPropertyDefaultsPostProcessor : For additional web related logging consider setting the 'logging.level.web' property to 'DEBUG'
2019-09-22 15:30:53.643  WARN 11772 --- [restartedMain] o.m.s.mapper.ClassPathMapperScanner      : No MyBatis mapper was found in '[com.next.huyao.film]' package. Please check your configuration.
2019-09-22 15:30:54.044  INFO 11772 --- [restartedMain] trationDelegate$BeanPostProcessorChecker : Bean 'org.springframework.transaction.annotation.ProxyTransactionManagementConfiguration' of type [org.springframework.transaction.annotation.ProxyTransactionManagementConfiguration$$EnhancerBySpringCGLIB$$1bcfd556] is not eligible for getting processed by all BeanPostProcessors (for example: not eligible for auto-proxying)
2019-09-22 15:30:54.477  INFO 11772 --- [restartedMain] o.s.b.w.embedded.tomcat.TomcatWebServer  : Tomcat initialized with port(s): 8080 (http)
2019-09-22 15:30:54.502  INFO 11772 --- [restartedMain] o.apache.catalina.core.StandardService   : Starting service [Tomcat]
2019-09-22 15:30:54.503  INFO 11772 --- [restartedMain] org.apache.catalina.core.StandardEngine  : Starting Servlet engine: [Apache Tomcat/9.0.16]
2019-09-22 15:30:54.511  INFO 11772 --- [restartedMain] o.a.catalina.core.AprLifecycleListener   : The APR based Apache Tomcat Native library which allows optimal performance in production environments was not found on the java.library.path: [C:\Program Files\Java\jdk1.8.0_131\bin;C:\WINDOWS\Sun\Java\bin;C:\WINDOWS\system32;C:\WINDOWS;C:\Program Files (x86)\Common Files\Oracle\Java\javapath;C:\ProgramData\Oracle\Java\javapath;C:\Program Files (x86)\Intel\iCLS Client\;C:\Program Files\Intel\iCLS Client\;C:\WINDOWS\system32;C:\WINDOWS;C:\WINDOWS\System32\Wbem;C:\WINDOWS\System32\WindowsPowerShell\v1.0\;C:\Program Files (x86)\Intel\Intel(R) Management Engine Components\DAL;C:\Program Files\Intel\Intel(R) Management Engine Components\DAL;C:\Program Files (x86)\Intel\Intel(R) Management Engine Components\IPT;C:\Program Files\Intel\Intel(R) Management Engine Components\IPT;C:\Program Files (x86)\NVIDIA Corporation\PhysX\Common;C:\WINDOWS\system32;C:\WINDOWS;C:\WINDOWS\System32\Wbem;C:\WINDOWS\System32\WindowsPowerShell\v1.0\;C:\WINDOWS\System32\OpenSSH\;C:\Program Files\Git\cmd;C:\Users\xx\AppData\Local\Microsoft\WindowsApps;C:\Program Files\Docker Toolbox;D:\mysql-5.7.25-winx64\bin;D:\apache-maven-3.6.0\bin;;.]
2019-09-22 15:30:54.639  INFO 11772 --- [restartedMain] o.a.c.c.C.[Tomcat].[localhost].[/]       : Initializing Spring embedded WebApplicationContext
2019-09-22 15:30:54.640  INFO 11772 --- [restartedMain] o.s.web.context.ContextLoader            : Root WebApplicationContext: initialization completed in 2272 ms
2019-09-22 15:30:55.225  INFO 11772 --- [restartedMain] com.alibaba.druid.pool.DruidDataSource   : {dataSource-1} inited
2019-09-22 15:30:55.828  INFO 11772 --- [restartedMain] pertySourcedRequestMappingHandlerMapping : Mapped URL path [/v2/api-docs] onto method [public org.springframework.http.ResponseEntity<springfox.documentation.spring.web.json.Json> springfox.documentation.swagger2.web.Swagger2Controller.getDocumentation(java.lang.String,javax.servlet.http.HttpServletRequest)]
2019-09-22 15:30:55.983  INFO 11772 --- [restartedMain] o.s.s.concurrent.ThreadPoolTaskExecutor  : Initializing ExecutorService 'applicationTaskExecutor'
2019-09-22 15:30:56.040  INFO 11772 --- [restartedMain] o.s.b.d.a.OptionalLiveReloadServer       : LiveReload server is running on port 35729
2019-09-22 15:30:56.331  INFO 11772 --- [restartedMain] d.s.w.p.DocumentationPluginsBootstrapper : Context refreshed
2019-09-22 15:30:56.355  INFO 11772 --- [restartedMain] d.s.w.p.DocumentationPluginsBootstrapper : Found 1 custom documentation plugin(s)
2019-09-22 15:30:56.390  INFO 11772 --- [restartedMain] s.d.s.w.s.ApiListingReferenceScanner     : Scanning for api listing references
2019-09-22 15:30:56.629  INFO 11772 --- [restartedMain] o.s.b.w.embedded.tomcat.TomcatWebServer  : Tomcat started on port(s): 8080 (http) with context path ''
2019-09-22 15:30:56.667  INFO 11772 --- [restartedMain] com.next.huyao.film.NextFilmApplication  : Started NextFilmApplication in 5.043 seconds (JVM running for 6.411)
2019-09-22 15:31:20.542  INFO 11772 --- [http-nio-8080-exec-1] o.a.c.c.C.[Tomcat].[localhost].[/]       : Initializing Spring DispatcherServlet 'dispatcherServlet'
2019-09-22 15:31:20.543  INFO 11772 --- [http-nio-8080-exec-1] o.s.web.servlet.DispatcherServlet        : Initializing Servlet 'dispatcherServlet'
2019-09-22 15:31:20.555  INFO 11772 --- [http-nio-8080-exec-1] o.s.web.servlet.DispatcherServlet        : Completed initialization in 12 ms
2019-09-22 15:31:30.347 DEBUG 11772 --- [http-nio-8080-exec-1] c.n.h.f.d.m.NextUserTMapper.selectCount  : ==>  Preparing: SELECT COUNT( 1 ) FROM next_user_t WHERE user_name = ? 
2019-09-22 15:31:30.512 DEBUG 11772 --- [http-nio-8080-exec-1] c.n.h.f.d.m.NextUserTMapper.selectCount  : ==> Parameters: huao(String)
2019-09-22 15:31:30.550 DEBUG 11772 --- [http-nio-8080-exec-1] c.n.h.f.d.m.NextUserTMapper.selectCount  : <==      Total: 1
2019-09-22 15:31:52.167 DEBUG 11772 --- [http-nio-8080-exec-2] c.n.h.f.d.m.NextUserTMapper.selectCount  : ==>  Preparing: SELECT COUNT( 1 ) FROM next_user_t WHERE user_name = ? 
2019-09-22 15:31:52.168 DEBUG 11772 --- [http-nio-8080-exec-2] c.n.h.f.d.m.NextUserTMapper.selectCount  : ==> Parameters: admin(String)
2019-09-22 15:31:52.170 DEBUG 11772 --- [http-nio-8080-exec-2] c.n.h.f.d.m.NextUserTMapper.selectCount  : <==      Total: 1
2019-09-22 15:58:06.647  INFO 14780 --- [restartedMain] com.next.huyao.film.NextFilmApplication  : Starting NextFilmApplication on DESKTOP-KC2KA8T with PID 14780 (D:\workspace\film_workspace\next_film\target\classes started by xx in D:\workspace\film_workspace\next_film)
2019-09-22 15:58:06.654 DEBUG 14780 --- [restartedMain] com.next.huyao.film.NextFilmApplication  : Running with Spring Boot v2.1.3.RELEASE, Spring v5.1.5.RELEASE
2019-09-22 15:58:06.657  INFO 14780 --- [restartedMain] com.next.huyao.film.NextFilmApplication  : No active profile set, falling back to default profiles: default
2019-09-22 15:58:06.829  INFO 14780 --- [restartedMain] .e.DevToolsPropertyDefaultsPostProcessor : Devtools property defaults active! Set 'spring.devtools.add-properties' to 'false' to disable
2019-09-22 15:58:06.831  INFO 14780 --- [restartedMain] .e.DevToolsPropertyDefaultsPostProcessor : For additional web related logging consider setting the 'logging.level.web' property to 'DEBUG'
2019-09-22 15:58:08.849  WARN 14780 --- [restartedMain] o.m.s.mapper.ClassPathMapperScanner      : No MyBatis mapper was found in '[com.next.huyao.film]' package. Please check your configuration.
2019-09-22 15:58:09.354  INFO 14780 --- [restartedMain] trationDelegate$BeanPostProcessorChecker : Bean 'org.springframework.transaction.annotation.ProxyTransactionManagementConfiguration' of type [org.springframework.transaction.annotation.ProxyTransactionManagementConfiguration$$EnhancerBySpringCGLIB$$c1cbc5b2] is not eligible for getting processed by all BeanPostProcessors (for example: not eligible for auto-proxying)
2019-09-22 15:58:09.902  INFO 14780 --- [restartedMain] o.s.b.w.embedded.tomcat.TomcatWebServer  : Tomcat initialized with port(s): 8080 (http)
2019-09-22 15:58:09.940  INFO 14780 --- [restartedMain] o.apache.catalina.core.StandardService   : Starting service [Tomcat]
2019-09-22 15:58:09.941  INFO 14780 --- [restartedMain] org.apache.catalina.core.StandardEngine  : Starting Servlet engine: [Apache Tomcat/9.0.16]
2019-09-22 15:58:09.954  INFO 14780 --- [restartedMain] o.a.catalina.core.AprLifecycleListener   : The APR based Apache Tomcat Native library which allows optimal performance in production environments was not found on the java.library.path: [C:\Program Files\Java\jdk1.8.0_131\bin;C:\WINDOWS\Sun\Java\bin;C:\WINDOWS\system32;C:\WINDOWS;C:\Program Files (x86)\Common Files\Oracle\Java\javapath;C:\ProgramData\Oracle\Java\javapath;C:\Program Files (x86)\Intel\iCLS Client\;C:\Program Files\Intel\iCLS Client\;C:\WINDOWS\system32;C:\WINDOWS;C:\WINDOWS\System32\Wbem;C:\WINDOWS\System32\WindowsPowerShell\v1.0\;C:\Program Files (x86)\Intel\Intel(R) Management Engine Components\DAL;C:\Program Files\Intel\Intel(R) Management Engine Components\DAL;C:\Program Files (x86)\Intel\Intel(R) Management Engine Components\IPT;C:\Program Files\Intel\Intel(R) Management Engine Components\IPT;C:\Program Files (x86)\NVIDIA Corporation\PhysX\Common;C:\WINDOWS\system32;C:\WINDOWS;C:\WINDOWS\System32\Wbem;C:\WINDOWS\System32\WindowsPowerShell\v1.0\;C:\WINDOWS\System32\OpenSSH\;C:\Program Files\Git\cmd;C:\Users\xx\AppData\Local\Microsoft\WindowsApps;C:\Program Files\Docker Toolbox;D:\mysql-5.7.25-winx64\bin;D:\apache-maven-3.6.0\bin;;.]
2019-09-22 15:58:10.098  INFO 14780 --- [restartedMain] o.a.c.c.C.[Tomcat].[localhost].[/]       : Initializing Spring embedded WebApplicationContext
2019-09-22 15:58:10.099  INFO 14780 --- [restartedMain] o.s.web.context.ContextLoader            : Root WebApplicationContext: initialization completed in 3267 ms
2019-09-22 15:58:10.891  INFO 14780 --- [restartedMain] com.alibaba.druid.pool.DruidDataSource   : {dataSource-1} inited
2019-09-22 15:58:11.665  INFO 14780 --- [restartedMain] pertySourcedRequestMappingHandlerMapping : Mapped URL path [/v2/api-docs] onto method [public org.springframework.http.ResponseEntity<springfox.documentation.spring.web.json.Json> springfox.documentation.swagger2.web.Swagger2Controller.getDocumentation(java.lang.String,javax.servlet.http.HttpServletRequest)]
2019-09-22 15:58:11.854  INFO 14780 --- [restartedMain] o.s.s.concurrent.ThreadPoolTaskExecutor  : Initializing ExecutorService 'applicationTaskExecutor'
2019-09-22 15:58:11.921  INFO 14780 --- [restartedMain] o.s.b.d.a.OptionalLiveReloadServer       : LiveReload server is running on port 35729
2019-09-22 15:58:12.228  INFO 14780 --- [restartedMain] d.s.w.p.DocumentationPluginsBootstrapper : Context refreshed
2019-09-22 15:58:12.251  INFO 14780 --- [restartedMain] d.s.w.p.DocumentationPluginsBootstrapper : Found 1 custom documentation plugin(s)
2019-09-22 15:58:12.294  INFO 14780 --- [restartedMain] s.d.s.w.s.ApiListingReferenceScanner     : Scanning for api listing references
2019-09-22 15:58:12.456  INFO 14780 --- [restartedMain] o.s.b.w.embedded.tomcat.TomcatWebServer  : Tomcat started on port(s): 8080 (http) with context path ''
2019-09-22 15:58:12.460  INFO 14780 --- [restartedMain] com.next.huyao.film.NextFilmApplication  : Started NextFilmApplication in 6.789 seconds (JVM running for 8.826)
